[0.018s] Invoking command in '/home/semih/ws_offboard_control/src/build/swarm_drone_control': CMAKE_PREFIX_PATH=${CMAKE_PREFIX_PATH}:/home/semih/ros2_ws/install/turtlesim_catch_them_all:/home/semih/ros2_ws/install/my_py_pkg:/home/semih/new_tutorial_ws/install/lifecycle_py:/home/semih/new_tutorial_ws/install/actions_py:/opt/ros/humble /usr/bin/cmake --build /home/semih/ws_offboard_control/src/build/swarm_drone_control -- -j16 -l16
[0.123s] [ 21%] Built target uav_controller
[0.175s] [ 21%] Built target ament_cmake_python_symlink_swarm_drone_control
[0.230s] [ 46%] Built target gamepad_controller
[0.732s] running egg_info
[0.734s] writing swarm_drone_control.egg-info/PKG-INFO
[0.734s] writing dependency_links to swarm_drone_control.egg-info/dependency_links.txt
[0.735s] writing top-level names to swarm_drone_control.egg-info/top_level.txt
[0.743s] reading manifest file 'swarm_drone_control.egg-info/SOURCES.txt'
[0.743s] writing manifest file 'swarm_drone_control.egg-info/SOURCES.txt'
[0.805s] [ 46%] Built target ament_cmake_python_build_swarm_drone_control_egg
[0.847s] [ 53%] Built target change_state
[0.898s] [ 75%] Built target swarm_communication
[0.960s] [100%] Built target swarm_member_path_planner
[0.984s] Invoked command in '/home/semih/ws_offboard_control/src/build/swarm_drone_control' returned '0': CMAKE_PREFIX_PATH=${CMAKE_PREFIX_PATH}:/home/semih/ros2_ws/install/turtlesim_catch_them_all:/home/semih/ros2_ws/install/my_py_pkg:/home/semih/new_tutorial_ws/install/lifecycle_py:/home/semih/new_tutorial_ws/install/actions_py:/opt/ros/humble /usr/bin/cmake --build /home/semih/ws_offboard_control/src/build/swarm_drone_control -- -j16 -l16
[1.001s] Invoking command in '/home/semih/ws_offboard_control/src/build/swarm_drone_control': CMAKE_PREFIX_PATH=${CMAKE_PREFIX_PATH}:/home/semih/ros2_ws/install/turtlesim_catch_them_all:/home/semih/ros2_ws/install/my_py_pkg:/home/semih/new_tutorial_ws/install/lifecycle_py:/home/semih/new_tutorial_ws/install/actions_py:/opt/ros/humble /usr/bin/cmake --install /home/semih/ws_offboard_control/src/build/swarm_drone_control
[1.016s] -- Install configuration: ""
[1.016s] -- Execute custom install script
[1.017s] -- Up-to-date symlink: /home/semih/ws_offboard_control/src/install/swarm_drone_control/lib/swarm_drone_control/uav_controller
[1.017s] -- Up-to-date symlink: /home/semih/ws_offboard_control/src/install/swarm_drone_control/lib/swarm_drone_control/swarm_member_path_planner
[1.017s] -- Up-to-date symlink: /home/semih/ws_offboard_control/src/install/swarm_drone_control/lib/swarm_drone_control/swarm_communication
[1.018s] -- Up-to-date symlink: /home/semih/ws_offboard_control/src/install/swarm_drone_control/lib/swarm_drone_control/change_state
[1.018s] -- Up-to-date symlink: /home/semih/ws_offboard_control/src/install/swarm_drone_control/lib/swarm_drone_control/gamepad_controller
[1.018s] -- Up-to-date symlink: /home/semih/ws_offboard_control/src/install/swarm_drone_control/include/calculations/geographic.hpp
[1.019s] -- Up-to-date symlink: /home/semih/ws_offboard_control/src/install/swarm_drone_control/include/calculations/geographic_impl.hpp
[1.019s] -- Up-to-date symlink: /home/semih/ws_offboard_control/src/install/swarm_drone_control/include/calculations/spatial.hpp
[1.019s] -- Up-to-date symlink: /home/semih/ws_offboard_control/src/install/swarm_drone_control/include/calculations/spatial_impl.hpp
[1.019s] -- Up-to-date symlink: /home/semih/ws_offboard_control/src/install/swarm_drone_control/share/swarm_drone_control//launch/ground_control.py
[1.020s] -- Up-to-date symlink: /home/semih/ws_offboard_control/src/install/swarm_drone_control/share/swarm_drone_control//launch/multi_robot_start.py
[1.020s] -- Up-to-date symlink: /home/semih/ws_offboard_control/src/install/swarm_drone_control/share/swarm_drone_control//launch/multi_robot_start.xml
[1.020s] -- Up-to-date symlink: /home/semih/ws_offboard_control/src/install/swarm_drone_control/share/swarm_drone_control//config/multi_robot_params.yaml
[1.020s] -- Up-to-date symlink: /home/semih/ws_offboard_control/src/install/swarm_drone_control/share/swarm_drone_control/environment/pythonpath.sh
[1.021s] -- Up-to-date symlink: /home/semih/ws_offboard_control/src/install/swarm_drone_control/share/swarm_drone_control/environment/pythonpath.dsv
[1.021s] -- Up-to-date symlink: /home/semih/ws_offboard_control/src/install/swarm_drone_control/local/lib/python3.10/dist-packages/swarm_drone_control-0.1.0-py3.10.egg-info/PKG-INFO
[1.021s] -- Up-to-date symlink: /home/semih/ws_offboard_control/src/install/swarm_drone_control/local/lib/python3.10/dist-packages/swarm_drone_control-0.1.0-py3.10.egg-info/SOURCES.txt
[1.021s] -- Up-to-date symlink: /home/semih/ws_offboard_control/src/install/swarm_drone_control/local/lib/python3.10/dist-packages/swarm_drone_control-0.1.0-py3.10.egg-info/dependency_links.txt
[1.022s] -- Up-to-date symlink: /home/semih/ws_offboard_control/src/install/swarm_drone_control/local/lib/python3.10/dist-packages/swarm_drone_control-0.1.0-py3.10.egg-info/top_level.txt
[1.022s] -- Up-to-date symlink: /home/semih/ws_offboard_control/src/install/swarm_drone_control/local/lib/python3.10/dist-packages/swarm_drone_control/__init__.py
[1.022s] -- Up-to-date symlink: /home/semih/ws_offboard_control/src/install/swarm_drone_control/local/lib/python3.10/dist-packages/swarm_drone_control/module_to_import.py
[1.023s] -- Up-to-date symlink: /home/semih/ws_offboard_control/src/install/swarm_drone_control/local/lib/python3.10/dist-packages/swarm_drone_control/scripts/camera_bridge.py
[1.023s] -- Up-to-date symlink: /home/semih/ws_offboard_control/src/install/swarm_drone_control/lib/swarm_drone_control/camera_bridge.py
[1.023s] -- Up-to-date symlink: /home/semih/ws_offboard_control/src/install/swarm_drone_control/share/ament_index/resource_index/package_run_dependencies/swarm_drone_control
[1.023s] -- Up-to-date symlink: /home/semih/ws_offboard_control/src/install/swarm_drone_control/share/ament_index/resource_index/parent_prefix_path/swarm_drone_control
[1.023s] -- Up-to-date symlink: /home/semih/ws_offboard_control/src/install/swarm_drone_control/share/swarm_drone_control/environment/ament_prefix_path.sh
[1.024s] -- Up-to-date symlink: /home/semih/ws_offboard_control/src/install/swarm_drone_control/share/swarm_drone_control/environment/ament_prefix_path.dsv
[1.024s] -- Up-to-date symlink: /home/semih/ws_offboard_control/src/install/swarm_drone_control/share/swarm_drone_control/environment/path.sh
[1.024s] -- Up-to-date symlink: /home/semih/ws_offboard_control/src/install/swarm_drone_control/share/swarm_drone_control/environment/path.dsv
[1.024s] -- Up-to-date symlink: /home/semih/ws_offboard_control/src/install/swarm_drone_control/share/swarm_drone_control/local_setup.bash
[1.024s] -- Up-to-date symlink: /home/semih/ws_offboard_control/src/install/swarm_drone_control/share/swarm_drone_control/local_setup.sh
[1.024s] -- Up-to-date symlink: /home/semih/ws_offboard_control/src/install/swarm_drone_control/share/swarm_drone_control/local_setup.zsh
[1.025s] -- Up-to-date symlink: /home/semih/ws_offboard_control/src/install/swarm_drone_control/share/swarm_drone_control/local_setup.dsv
[1.025s] -- Symlinking: /home/semih/ws_offboard_control/src/install/swarm_drone_control/share/swarm_drone_control/package.dsv
[1.040s] -- Up-to-date symlink: /home/semih/ws_offboard_control/src/install/swarm_drone_control/share/ament_index/resource_index/packages/swarm_drone_control
[1.040s] -- Up-to-date symlink: /home/semih/ws_offboard_control/src/install/swarm_drone_control/share/swarm_drone_control/cmake/ament_cmake_export_dependencies-extras.cmake
[1.040s] -- Up-to-date symlink: /home/semih/ws_offboard_control/src/install/swarm_drone_control/share/swarm_drone_control/cmake/ament_cmake_export_include_directories-extras.cmake
[1.041s] -- Up-to-date symlink: /home/semih/ws_offboard_control/src/install/swarm_drone_control/share/swarm_drone_control/cmake/swarm_drone_controlConfig.cmake
[1.041s] -- Up-to-date symlink: /home/semih/ws_offboard_control/src/install/swarm_drone_control/share/swarm_drone_control/cmake/swarm_drone_controlConfig-version.cmake
[1.041s] -- Up-to-date symlink: /home/semih/ws_offboard_control/src/install/swarm_drone_control/share/swarm_drone_control/package.xml
[1.099s] Listing '/home/semih/ws_offboard_control/src/install/swarm_drone_control/local/lib/python3.10/dist-packages/swarm_drone_control'...
[1.099s] Listing '/home/semih/ws_offboard_control/src/install/swarm_drone_control/local/lib/python3.10/dist-packages/swarm_drone_control/scripts'...
[1.115s] Invoked command in '/home/semih/ws_offboard_control/src/build/swarm_drone_control' returned '0': CMAKE_PREFIX_PATH=${CMAKE_PREFIX_PATH}:/home/semih/ros2_ws/install/turtlesim_catch_them_all:/home/semih/ros2_ws/install/my_py_pkg:/home/semih/new_tutorial_ws/install/lifecycle_py:/home/semih/new_tutorial_ws/install/actions_py:/opt/ros/humble /usr/bin/cmake --install /home/semih/ws_offboard_control/src/build/swarm_drone_control
