[0.186s] DEBUG:colcon:Command line arguments: ['/usr/bin/colcon', 'build', '--packages-select', 'swarm_drone_control']
[0.186s] DEBUG:colcon:Parsed command line arguments: Namespace(log_base=None, log_level=None, verb_name='build', build_base='build', install_base='install', merge_install=False, symlink_install=False, test_result_base=None, continue_on_error=False, executor='parallel', parallel_workers=16, event_handlers=None, ignore_user_meta=False, metas=['./colcon.meta'], base_paths=['.'], packages_ignore=None, packages_ignore_regex=None, paths=None, packages_up_to=None, packages_up_to_regex=None, packages_above=None, packages_above_and_dependencies=None, packages_above_depth=None, packages_select_by_dep=None, packages_skip_by_dep=None, packages_skip_up_to=None, packages_select_build_failed=False, packages_skip_build_finished=False, packages_select_test_failures=False, packages_skip_test_passed=False, packages_select=['swarm_drone_control'], packages_skip=None, packages_select_regex=None, packages_skip_regex=None, packages_start=None, packages_end=None, allow_overriding=[], cmake_args=None, cmake_target=None, cmake_target_skip_unavailable=False, cmake_clean_cache=False, cmake_clean_first=False, cmake_force_configure=False, ament_cmake_args=None, catkin_cmake_args=None, catkin_skip_building_tests=False, mixin_files=None, mixin=None, verb_parser=<colcon_mixin.mixin.mixin_argument.MixinArgumentDecorator object at 0x783dadab7ca0>, verb_extension=<colcon_core.verb.build.BuildVerb object at 0x783dadab76d0>, main=<bound method BuildVerb.main of <colcon_core.verb.build.BuildVerb object at 0x783dadab76d0>>, mixin_verb=('build',))
[0.518s] Level 1:colcon.colcon_core.package_discovery:discover_packages(colcon_meta) check parameters
[0.518s] Level 1:colcon.colcon_core.package_discovery:discover_packages(recursive) check parameters
[0.518s] Level 1:colcon.colcon_core.package_discovery:discover_packages(ignore) check parameters
[0.518s] Level 1:colcon.colcon_core.package_discovery:discover_packages(path) check parameters
[0.518s] Level 1:colcon.colcon_core.package_discovery:discover_packages(colcon_meta) discover
[0.518s] Level 1:colcon.colcon_core.package_discovery:discover_packages(recursive) discover
[0.519s] INFO:colcon.colcon_core.package_discovery:Crawling recursively for packages in '/home/semih/ws_offboard_control/src'
[0.519s] Level 1:colcon.colcon_core.package_identification:_identify(.) by extensions ['ignore', 'ignore_ament_install']
[0.519s] Level 1:colcon.colcon_core.package_identification:_identify(.) by extension 'ignore'
[0.519s] Level 1:colcon.colcon_core.package_identification:_identify(.) by extension 'ignore_ament_install'
[0.519s] Level 1:colcon.colcon_core.package_identification:_identify(.) by extensions ['colcon_pkg']
[0.519s] Level 1:colcon.colcon_core.package_identification:_identify(.) by extension 'colcon_pkg'
[0.519s] Level 1:colcon.colcon_core.package_identification:_identify(.) by extensions ['colcon_meta']
[0.519s] Level 1:colcon.colcon_core.package_identification:_identify(.) by extension 'colcon_meta'
[0.519s] Level 1:colcon.colcon_core.package_identification:_identify(.) by extensions ['ros']
[0.519s] Level 1:colcon.colcon_core.package_identification:_identify(.) by extension 'ros'
[0.538s] Level 1:colcon.colcon_core.package_identification:_identify(.) by extensions ['cmake', 'python']
[0.538s] Level 1:colcon.colcon_core.package_identification:_identify(.) by extension 'cmake'
[0.538s] Level 1:colcon.colcon_core.package_identification:_identify(.) by extension 'python'
[0.538s] Level 1:colcon.colcon_core.package_identification:_identify(.) by extensions ['python_setup_py']
[0.538s] Level 1:colcon.colcon_core.package_identification:_identify(.) by extension 'python_setup_py'
[0.538s] Level 1:colcon.colcon_core.package_identification:_identify(build) by extensions ['ignore', 'ignore_ament_install']
[0.538s] Level 1:colcon.colcon_core.package_identification:_identify(build) by extension 'ignore'
[0.538s] Level 1:colcon.colcon_core.package_identification:_identify(build) ignored
[0.538s] Level 1:colcon.colcon_core.package_identification:_identify(custom_interfaces) by extensions ['ignore', 'ignore_ament_install']
[0.538s] Level 1:colcon.colcon_core.package_identification:_identify(custom_interfaces) by extension 'ignore'
[0.538s] Level 1:colcon.colcon_core.package_identification:_identify(custom_interfaces) by extension 'ignore_ament_install'
[0.539s] Level 1:colcon.colcon_core.package_identification:_identify(custom_interfaces) by extensions ['colcon_pkg']
[0.539s] Level 1:colcon.colcon_core.package_identification:_identify(custom_interfaces) by extension 'colcon_pkg'
[0.539s] Level 1:colcon.colcon_core.package_identification:_identify(custom_interfaces) by extensions ['colcon_meta']
[0.539s] Level 1:colcon.colcon_core.package_identification:_identify(custom_interfaces) by extension 'colcon_meta'
[0.539s] Level 1:colcon.colcon_core.package_identification:_identify(custom_interfaces) by extensions ['ros']
[0.539s] Level 1:colcon.colcon_core.package_identification:_identify(custom_interfaces) by extension 'ros'
[0.542s] DEBUG:colcon.colcon_core.package_identification:Package 'custom_interfaces' with type 'ros.ament_cmake' and name 'custom_interfaces'
[0.542s] Level 1:colcon.colcon_core.package_identification:_identify(install) by extensions ['ignore', 'ignore_ament_install']
[0.542s] Level 1:colcon.colcon_core.package_identification:_identify(install) by extension 'ignore'
[0.542s] Level 1:colcon.colcon_core.package_identification:_identify(install) ignored
[0.543s] Level 1:colcon.colcon_core.package_identification:_identify(log) by extensions ['ignore', 'ignore_ament_install']
[0.543s] Level 1:colcon.colcon_core.package_identification:_identify(log) by extension 'ignore'
[0.543s] Level 1:colcon.colcon_core.package_identification:_identify(log) ignored
[0.543s] Level 1:colcon.colcon_core.package_identification:_identify(px4_msgs) by extensions ['ignore', 'ignore_ament_install']
[0.543s] Level 1:colcon.colcon_core.package_identification:_identify(px4_msgs) by extension 'ignore'
[0.543s] Level 1:colcon.colcon_core.package_identification:_identify(px4_msgs) by extension 'ignore_ament_install'
[0.543s] Level 1:colcon.colcon_core.package_identification:_identify(px4_msgs) by extensions ['colcon_pkg']
[0.543s] Level 1:colcon.colcon_core.package_identification:_identify(px4_msgs) by extension 'colcon_pkg'
[0.543s] Level 1:colcon.colcon_core.package_identification:_identify(px4_msgs) by extensions ['colcon_meta']
[0.543s] Level 1:colcon.colcon_core.package_identification:_identify(px4_msgs) by extension 'colcon_meta'
[0.543s] Level 1:colcon.colcon_core.package_identification:_identify(px4_msgs) by extensions ['ros']
[0.543s] Level 1:colcon.colcon_core.package_identification:_identify(px4_msgs) by extension 'ros'
[0.544s] DEBUG:colcon.colcon_core.package_identification:Package 'px4_msgs' with type 'ros.ament_cmake' and name 'px4_msgs'
[0.545s] Level 1:colcon.colcon_core.package_identification:_identify(swarm_drone_control) by extensions ['ignore', 'ignore_ament_install']
[0.545s] Level 1:colcon.colcon_core.package_identification:_identify(swarm_drone_control) by extension 'ignore'
[0.545s] Level 1:colcon.colcon_core.package_identification:_identify(swarm_drone_control) by extension 'ignore_ament_install'
[0.545s] Level 1:colcon.colcon_core.package_identification:_identify(swarm_drone_control) by extensions ['colcon_pkg']
[0.545s] Level 1:colcon.colcon_core.package_identification:_identify(swarm_drone_control) by extension 'colcon_pkg'
[0.545s] Level 1:colcon.colcon_core.package_identification:_identify(swarm_drone_control) by extensions ['colcon_meta']
[0.545s] Level 1:colcon.colcon_core.package_identification:_identify(swarm_drone_control) by extension 'colcon_meta'
[0.545s] Level 1:colcon.colcon_core.package_identification:_identify(swarm_drone_control) by extensions ['ros']
[0.545s] Level 1:colcon.colcon_core.package_identification:_identify(swarm_drone_control) by extension 'ros'
[0.547s] DEBUG:colcon.colcon_core.package_identification:Package 'swarm_drone_control' with type 'ros.ament_cmake' and name 'swarm_drone_control'
[0.547s] Level 1:colcon.colcon_core.package_discovery:discover_packages(recursive) using defaults
[0.548s] Level 1:colcon.colcon_core.package_discovery:discover_packages(ignore) discover
[0.548s] Level 1:colcon.colcon_core.package_discovery:discover_packages(ignore) using defaults
[0.548s] Level 1:colcon.colcon_core.package_discovery:discover_packages(path) discover
[0.548s] Level 1:colcon.colcon_core.package_discovery:discover_packages(path) using defaults
[0.577s] INFO:colcon.colcon_core.package_selection:Skipping not selected package 'px4_msgs' in 'px4_msgs'
[0.577s] INFO:colcon.colcon_core.package_selection:Skipping not selected package 'custom_interfaces' in 'custom_interfaces'
[0.578s] Level 1:colcon.colcon_core.package_discovery:discover_packages(prefix_path) check parameters
[0.578s] Level 1:colcon.colcon_core.package_discovery:discover_packages(prefix_path) discover
[0.581s] DEBUG:colcon.colcon_installed_package_information.package_discovery:Found 1 installed packages in /home/semih/ws_remote_control/install
[0.581s] DEBUG:colcon.colcon_installed_package_information.package_discovery:Found 5 installed packages in /home/semih/new_tutorial_ws/install
[0.582s] DEBUG:colcon.colcon_installed_package_information.package_discovery:Found 1 installed packages in /home/semih/moveit_ws/install
[0.583s] DEBUG:colcon.colcon_installed_package_information.package_discovery:Found 5 installed packages in /home/semih/ros2_ws/install
[0.585s] DEBUG:colcon.colcon_installed_package_information.package_discovery:Found 3 installed packages in /home/semih/ws_offboard_control/install
[0.589s] DEBUG:colcon.colcon_installed_package_information.package_discovery:Found 405 installed packages in /opt/ros/humble
[0.592s] Level 1:colcon.colcon_core.package_discovery:discover_packages(prefix_path) using defaults
[0.658s] Level 5:colcon.colcon_core.verb:set package 'swarm_drone_control' build argument 'cmake_args' from command line to 'None'
[0.658s] Level 5:colcon.colcon_core.verb:set package 'swarm_drone_control' build argument 'cmake_target' from command line to 'None'
[0.658s] Level 5:colcon.colcon_core.verb:set package 'swarm_drone_control' build argument 'cmake_target_skip_unavailable' from command line to 'False'
[0.658s] Level 5:colcon.colcon_core.verb:set package 'swarm_drone_control' build argument 'cmake_clean_cache' from command line to 'False'
[0.658s] Level 5:colcon.colcon_core.verb:set package 'swarm_drone_control' build argument 'cmake_clean_first' from command line to 'False'
[0.658s] Level 5:colcon.colcon_core.verb:set package 'swarm_drone_control' build argument 'cmake_force_configure' from command line to 'False'
[0.658s] Level 5:colcon.colcon_core.verb:set package 'swarm_drone_control' build argument 'ament_cmake_args' from command line to 'None'
[0.658s] Level 5:colcon.colcon_core.verb:set package 'swarm_drone_control' build argument 'catkin_cmake_args' from command line to 'None'
[0.658s] Level 5:colcon.colcon_core.verb:set package 'swarm_drone_control' build argument 'catkin_skip_building_tests' from command line to 'False'
[0.658s] DEBUG:colcon.colcon_core.verb:Building package 'swarm_drone_control' with the following arguments: {'ament_cmake_args': None, 'build_base': '/home/semih/ws_offboard_control/src/build/swarm_drone_control', 'catkin_cmake_args': None, 'catkin_skip_building_tests': False, 'cmake_args': None, 'cmake_clean_cache': False, 'cmake_clean_first': False, 'cmake_force_configure': False, 'cmake_target': None, 'cmake_target_skip_unavailable': False, 'install_base': '/home/semih/ws_offboard_control/src/install/swarm_drone_control', 'merge_install': False, 'path': '/home/semih/ws_offboard_control/src/swarm_drone_control', 'symlink_install': False, 'test_result_base': None}
[0.658s] INFO:colcon.colcon_core.executor:Executing jobs using 'parallel' executor
[0.660s] DEBUG:colcon.colcon_parallel_executor.executor.parallel:run_until_complete
[0.660s] INFO:colcon.colcon_ros.task.ament_cmake.build:Building ROS package in '/home/semih/ws_offboard_control/src/swarm_drone_control' with build type 'ament_cmake'
[0.660s] INFO:colcon.colcon_cmake.task.cmake.build:Building CMake package in '/home/semih/ws_offboard_control/src/swarm_drone_control'
[0.663s] INFO:colcon.colcon_core.plugin_system:Skipping extension 'colcon_core.shell.bat': Not used on non-Windows systems
[0.663s] INFO:colcon.colcon_core.shell:Skip shell extension 'powershell' for command environment: Not usable outside of PowerShell
[0.663s] DEBUG:colcon.colcon_core.shell:Skip shell extension 'dsv' for command environment
[0.670s] WARNING:colcon.colcon_core.shell:The following packages are in the workspace but haven't been built:
- px4_msgs
- custom_interfaces
They are being used from the following locations instead:
- /home/semih/ws_offboard_control/install/px4_msgs
- /home/semih/ws_offboard_control/install/custom_interfaces
To suppress this warning ignore these packages in the workspace:
--packages-ignore px4_msgs custom_interfaces
[0.680s] DEBUG:colcon.colcon_core.event_handler.log_command:Invoking command in '/home/semih/ws_offboard_control/src/build/swarm_drone_control': CMAKE_PREFIX_PATH=${CMAKE_PREFIX_PATH}:/home/semih/ros2_ws/install/turtlesim_catch_them_all:/home/semih/ros2_ws/install/my_py_pkg:/home/semih/new_tutorial_ws/install/lifecycle_py:/home/semih/new_tutorial_ws/install/actions_py:/opt/ros/humble /usr/bin/cmake --build /home/semih/ws_offboard_control/src/build/swarm_drone_control -- -j16 -l16
[1.647s] DEBUG:colcon.colcon_core.event_handler.log_command:Invoked command in '/home/semih/ws_offboard_control/src/build/swarm_drone_control' returned '0': CMAKE_PREFIX_PATH=${CMAKE_PREFIX_PATH}:/home/semih/ros2_ws/install/turtlesim_catch_them_all:/home/semih/ros2_ws/install/my_py_pkg:/home/semih/new_tutorial_ws/install/lifecycle_py:/home/semih/new_tutorial_ws/install/actions_py:/opt/ros/humble /usr/bin/cmake --build /home/semih/ws_offboard_control/src/build/swarm_drone_control -- -j16 -l16
[1.663s] DEBUG:colcon.colcon_core.event_handler.log_command:Invoking command in '/home/semih/ws_offboard_control/src/build/swarm_drone_control': CMAKE_PREFIX_PATH=${CMAKE_PREFIX_PATH}:/home/semih/ros2_ws/install/turtlesim_catch_them_all:/home/semih/ros2_ws/install/my_py_pkg:/home/semih/new_tutorial_ws/install/lifecycle_py:/home/semih/new_tutorial_ws/install/actions_py:/opt/ros/humble /usr/bin/cmake --install /home/semih/ws_offboard_control/src/build/swarm_drone_control
[1.776s] Level 1:colcon.colcon_core.environment:create_environment_scripts_only(swarm_drone_control)
[1.777s] DEBUG:colcon.colcon_core.event_handler.log_command:Invoked command in '/home/semih/ws_offboard_control/src/build/swarm_drone_control' returned '0': CMAKE_PREFIX_PATH=${CMAKE_PREFIX_PATH}:/home/semih/ros2_ws/install/turtlesim_catch_them_all:/home/semih/ros2_ws/install/my_py_pkg:/home/semih/new_tutorial_ws/install/lifecycle_py:/home/semih/new_tutorial_ws/install/actions_py:/opt/ros/humble /usr/bin/cmake --install /home/semih/ws_offboard_control/src/build/swarm_drone_control
[1.780s] Level 1:colcon.colcon_core.environment:checking '/home/semih/ws_offboard_control/src/install/swarm_drone_control' for CMake module files
[1.781s] Level 1:colcon.colcon_core.environment:checking '/home/semih/ws_offboard_control/src/install/swarm_drone_control' for CMake config files
[1.782s] Level 1:colcon.colcon_core.shell:create_environment_hook('swarm_drone_control', 'cmake_prefix_path')
[1.783s] INFO:colcon.colcon_core.shell:Creating environment hook '/home/semih/ws_offboard_control/src/install/swarm_drone_control/share/swarm_drone_control/hook/cmake_prefix_path.ps1'
[1.785s] INFO:colcon.colcon_core.shell:Creating environment descriptor '/home/semih/ws_offboard_control/src/install/swarm_drone_control/share/swarm_drone_control/hook/cmake_prefix_path.dsv'
[1.785s] INFO:colcon.colcon_core.shell:Creating environment hook '/home/semih/ws_offboard_control/src/install/swarm_drone_control/share/swarm_drone_control/hook/cmake_prefix_path.sh'
[1.786s] Level 1:colcon.colcon_core.environment:checking '/home/semih/ws_offboard_control/src/install/swarm_drone_control/lib'
[1.787s] Level 1:colcon.colcon_core.environment:checking '/home/semih/ws_offboard_control/src/install/swarm_drone_control/bin'
[1.787s] Level 1:colcon.colcon_core.environment:checking '/home/semih/ws_offboard_control/src/install/swarm_drone_control/lib/pkgconfig/swarm_drone_control.pc'
[1.787s] Level 1:colcon.colcon_core.environment:checking '/home/semih/ws_offboard_control/src/install/swarm_drone_control/lib/python3.10/site-packages'
[1.787s] Level 1:colcon.colcon_core.environment:checking '/home/semih/ws_offboard_control/src/install/swarm_drone_control/bin'
[1.788s] INFO:colcon.colcon_core.shell:Creating package script '/home/semih/ws_offboard_control/src/install/swarm_drone_control/share/swarm_drone_control/package.ps1'
[1.789s] INFO:colcon.colcon_core.shell:Creating package descriptor '/home/semih/ws_offboard_control/src/install/swarm_drone_control/share/swarm_drone_control/package.dsv'
[1.790s] INFO:colcon.colcon_core.shell:Creating package script '/home/semih/ws_offboard_control/src/install/swarm_drone_control/share/swarm_drone_control/package.sh'
[1.791s] INFO:colcon.colcon_core.shell:Creating package script '/home/semih/ws_offboard_control/src/install/swarm_drone_control/share/swarm_drone_control/package.bash'
[1.792s] INFO:colcon.colcon_core.shell:Creating package script '/home/semih/ws_offboard_control/src/install/swarm_drone_control/share/swarm_drone_control/package.zsh'
[1.792s] Level 1:colcon.colcon_core.environment:create_file_with_runtime_dependencies(/home/semih/ws_offboard_control/src/install/swarm_drone_control/share/colcon-core/packages/swarm_drone_control)
[1.793s] Level 1:colcon.colcon_core.environment:create_environment_scripts_only(swarm_drone_control)
[1.793s] Level 1:colcon.colcon_core.environment:checking '/home/semih/ws_offboard_control/src/install/swarm_drone_control' for CMake module files
[1.794s] Level 1:colcon.colcon_core.environment:checking '/home/semih/ws_offboard_control/src/install/swarm_drone_control' for CMake config files
[1.795s] Level 1:colcon.colcon_core.shell:create_environment_hook('swarm_drone_control', 'cmake_prefix_path')
[1.795s] INFO:colcon.colcon_core.shell:Creating environment hook '/home/semih/ws_offboard_control/src/install/swarm_drone_control/share/swarm_drone_control/hook/cmake_prefix_path.ps1'
[1.796s] INFO:colcon.colcon_core.shell:Creating environment descriptor '/home/semih/ws_offboard_control/src/install/swarm_drone_control/share/swarm_drone_control/hook/cmake_prefix_path.dsv'
[1.797s] INFO:colcon.colcon_core.shell:Creating environment hook '/home/semih/ws_offboard_control/src/install/swarm_drone_control/share/swarm_drone_control/hook/cmake_prefix_path.sh'
[1.798s] Level 1:colcon.colcon_core.environment:checking '/home/semih/ws_offboard_control/src/install/swarm_drone_control/lib'
[1.798s] Level 1:colcon.colcon_core.environment:checking '/home/semih/ws_offboard_control/src/install/swarm_drone_control/bin'
[1.799s] Level 1:colcon.colcon_core.environment:checking '/home/semih/ws_offboard_control/src/install/swarm_drone_control/lib/pkgconfig/swarm_drone_control.pc'
[1.799s] Level 1:colcon.colcon_core.environment:checking '/home/semih/ws_offboard_control/src/install/swarm_drone_control/lib/python3.10/site-packages'
[1.800s] Level 1:colcon.colcon_core.environment:checking '/home/semih/ws_offboard_control/src/install/swarm_drone_control/bin'
[1.800s] INFO:colcon.colcon_core.shell:Creating package script '/home/semih/ws_offboard_control/src/install/swarm_drone_control/share/swarm_drone_control/package.ps1'
[1.801s] INFO:colcon.colcon_core.shell:Creating package descriptor '/home/semih/ws_offboard_control/src/install/swarm_drone_control/share/swarm_drone_control/package.dsv'
[1.802s] INFO:colcon.colcon_core.shell:Creating package script '/home/semih/ws_offboard_control/src/install/swarm_drone_control/share/swarm_drone_control/package.sh'
[1.803s] INFO:colcon.colcon_core.shell:Creating package script '/home/semih/ws_offboard_control/src/install/swarm_drone_control/share/swarm_drone_control/package.bash'
[1.805s] INFO:colcon.colcon_core.shell:Creating package script '/home/semih/ws_offboard_control/src/install/swarm_drone_control/share/swarm_drone_control/package.zsh'
[1.806s] Level 1:colcon.colcon_core.environment:create_file_with_runtime_dependencies(/home/semih/ws_offboard_control/src/install/swarm_drone_control/share/colcon-core/packages/swarm_drone_control)
[1.807s] DEBUG:colcon.colcon_parallel_executor.executor.parallel:closing loop
[1.808s] DEBUG:colcon.colcon_parallel_executor.executor.parallel:loop closed
[1.808s] DEBUG:colcon.colcon_parallel_executor.executor.parallel:run_until_complete finished with '0'
[1.808s] DEBUG:colcon.colcon_core.event_reactor:joining thread
[1.816s] INFO:colcon.colcon_core.plugin_system:Skipping extension 'colcon_notification.desktop_notification.terminal_notifier': Not used on non-Darwin systems
[1.816s] INFO:colcon.colcon_core.plugin_system:Skipping extension 'colcon_notification.desktop_notification.win32': Not used on non-Windows systems
[1.816s] INFO:colcon.colcon_notification.desktop_notification:Sending desktop notification using 'notify2'
[1.830s] DEBUG:colcon.colcon_core.event_reactor:joined thread
[1.831s] INFO:colcon.colcon_core.shell:Creating prefix script '/home/semih/ws_offboard_control/src/install/local_setup.ps1'
[1.832s] INFO:colcon.colcon_core.shell:Creating prefix util module '/home/semih/ws_offboard_control/src/install/_local_setup_util_ps1.py'
[1.835s] INFO:colcon.colcon_core.shell:Creating prefix chain script '/home/semih/ws_offboard_control/src/install/setup.ps1'
[1.840s] INFO:colcon.colcon_core.shell:Creating prefix script '/home/semih/ws_offboard_control/src/install/local_setup.sh'
[1.844s] INFO:colcon.colcon_core.shell:Creating prefix util module '/home/semih/ws_offboard_control/src/install/_local_setup_util_sh.py'
[1.846s] INFO:colcon.colcon_core.shell:Creating prefix chain script '/home/semih/ws_offboard_control/src/install/setup.sh'
[1.849s] INFO:colcon.colcon_core.shell:Creating prefix script '/home/semih/ws_offboard_control/src/install/local_setup.bash'
[1.850s] INFO:colcon.colcon_core.shell:Creating prefix chain script '/home/semih/ws_offboard_control/src/install/setup.bash'
[1.852s] INFO:colcon.colcon_core.shell:Creating prefix script '/home/semih/ws_offboard_control/src/install/local_setup.zsh'
[1.852s] INFO:colcon.colcon_core.shell:Creating prefix chain script '/home/semih/ws_offboard_control/src/install/setup.zsh'
