-- The C compiler identification is GNU 11.4.0
-- The CXX compiler identification is GNU 11.4.0
-- Detecting C compiler ABI info
-- Detecting C compiler ABI info - done
-- Check for working C compiler: /usr/bin/cc - skipped
-- Detecting C compile features
-- Detecting C compile features - done
-- Detecting CXX compiler ABI info
-- Detecting CXX compiler ABI info - done
-- Check for working CXX compiler: /usr/bin/c++ - skipped
-- Detecting CXX compile features
-- Detecting CXX compile features - done
-- Found ament_cmake: 1.3.13 (/opt/ros/humble/share/ament_cmake/cmake)
-- Found Python3: /usr/bin/python3 (found version "3.10.12") found components: Interpreter 
-- Override CMake install command with custom implementation using symlinks instead of copying resources
-- Found builtin_interfaces: 1.2.2 (/opt/ros/humble/share/builtin_interfaces/cmake)
-- Found rosidl_generator_c: 3.1.8 (/opt/ros/humble/share/rosidl_generator_c/cmake)
-- Found rosidl_adapter: 3.1.8 (/opt/ros/humble/share/rosidl_adapter/cmake)
-- Found rosidl_generator_cpp: 3.1.8 (/opt/ros/humble/share/rosidl_generator_cpp/cmake)
-- Using all available rosidl_typesupport_c: rosidl_typesupport_fastrtps_c;rosidl_typesupport_introspection_c
-- Using all available rosidl_typesupport_cpp: rosidl_typesupport_fastrtps_cpp;rosidl_typesupport_introspection_cpp
-- Found eigen3_cmake_module: 0.1.1 (/opt/ros/humble/share/eigen3_cmake_module/cmake)
-- Found Eigen3: TRUE (found version "3.4.0") 
-- Found geometry_msgs: 4.9.1 (/opt/ros/humble/share/geometry_msgs/cmake)
-- Found px4_msgs: 2.0.1 (/home/semih/ws_offboard_control/install/px4_msgs/share/px4_msgs/cmake)
-- Found rclcpp: 16.0.18 (/opt/ros/humble/share/rclcpp/cmake)
-- Found rmw_implementation_cmake: 6.1.2 (/opt/ros/humble/share/rmw_implementation_cmake/cmake)
-- Found rmw_cyclonedds_cpp: 1.3.4 (/opt/ros/humble/share/rmw_cyclonedds_cpp/cmake)
-- Using RMW implementation 'rmw_cyclonedds_cpp' as default
-- Looking for pthread.h
-- Looking for pthread.h - found
-- Performing Test CMAKE_HAVE_LIBC_PTHREAD
-- Performing Test CMAKE_HAVE_LIBC_PTHREAD - Success
-- Found Threads: TRUE  
-- Found sensor_msgs: 4.9.1 (/opt/ros/humble/share/sensor_msgs/cmake)
-- Found rclpy: 3.3.20 (/opt/ros/humble/share/rclpy/cmake)
-- Found custom_interfaces: 0.0.0 (/home/semih/ws_offboard_control/install/custom_interfaces/share/custom_interfaces/cmake)
-- Found cv_bridge: 3.2.1 (/opt/ros/humble/share/cv_bridge/cmake)
-- Found OpenCV: /usr (found version "4.5.4") 
-- Found rclcpp_lifecycle: 16.0.18 (/opt/ros/humble/share/rclcpp_lifecycle/cmake)
-- Configuring done
-- Generating done
-- Build files have been written to: /home/semih/ws_offboard_control/src/build/swarm_drone_control
[ 14%] [32mBuilding CXX object CMakeFiles/swarm_communication.dir/src/communication/communication_main.cpp.o[0m
[ 14%] [32mBuilding CXX object CMakeFiles/swarm_communication.dir/src/communication/communication.cpp.o[0m
[ 14%] [32mBuilding CXX object CMakeFiles/swarm_communication.dir/src/communication/communication_publishers.cpp.o[0m
[ 14%] [32mBuilding CXX object CMakeFiles/gamepad_controller.dir/src/controller/controller.cpp.o[0m
[ 21%] [32mBuilding CXX object CMakeFiles/uav_controller.dir/src/uav_controller/uav_controller_main.cpp.o[0m
[ 21%] [32mBuilding CXX object CMakeFiles/swarm_member_path_planner.dir/src/autonomous/autonomous.cpp.o[0m
[ 39%] [32mBuilding CXX object CMakeFiles/uav_controller.dir/src/uav_controller/uav_controller_timers.cpp.o[0m
[ 39%] [32mBuilding CXX object CMakeFiles/change_state.dir/src/ground_control/change_state.cpp.o[0m
[ 39%] [32mBuilding CXX object CMakeFiles/uav_controller.dir/src/uav_controller/uav_controller_publishers.cpp.o[0m
[ 39%] [32mBuilding CXX object CMakeFiles/swarm_member_path_planner.dir/src/autonomous/autonomous_subscribers.cpp.o[0m
[ 39%] [32mBuilding CXX object CMakeFiles/swarm_member_path_planner.dir/src/autonomous/autonomous_publishers.cpp.o[0m
[ 42%] [32mBuilding CXX object CMakeFiles/uav_controller.dir/src/uav_controller/uav_controller_subscribers.cpp.o[0m
[ 46%] [32mBuilding CXX object CMakeFiles/swarm_member_path_planner.dir/src/autonomous/autonomous_missions.cpp.o[0m
[ 50%] [32mBuilding CXX object CMakeFiles/uav_controller.dir/src/uav_controller/uav_controller.cpp.o[0m
[ 53%] [32mBuilding CXX object CMakeFiles/gamepad_controller.dir/src/controller/controller_lifecycle.cpp.o[0m
[ 53%] Built target ament_cmake_python_symlink_swarm_drone_control
[ 57%] [32mBuilding CXX object CMakeFiles/swarm_member_path_planner.dir/src/autonomous/autonomous_timers.cpp.o[0m
[ 60%] [32mBuilding CXX object CMakeFiles/swarm_member_path_planner.dir/src/autonomous/autonomous_col_avoid.cpp.o[0m
[ 64%] [32mBuilding CXX object CMakeFiles/swarm_communication.dir/src/communication/communication_subscribers.cpp.o[0m
[ 67%] [32mBuilding CXX object CMakeFiles/gamepad_controller.dir/src/controller/controller_listeners.cpp.o[0m
running egg_info
creating swarm_drone_control.egg-info
writing swarm_drone_control.egg-info/PKG-INFO
writing dependency_links to swarm_drone_control.egg-info/dependency_links.txt
writing top-level names to swarm_drone_control.egg-info/top_level.txt
writing manifest file 'swarm_drone_control.egg-info/SOURCES.txt'
reading manifest file 'swarm_drone_control.egg-info/SOURCES.txt'
writing manifest file 'swarm_drone_control.egg-info/SOURCES.txt'
[ 67%] Built target ament_cmake_python_build_swarm_drone_control_egg
[ 71%] [32mBuilding CXX object CMakeFiles/swarm_communication.dir/src/communication/communication_timers.cpp.o[0m
[ 75%] [32mBuilding CXX object CMakeFiles/gamepad_controller.dir/src/controller/controller_main.cpp.o[0m
[ 78%] [32mBuilding CXX object CMakeFiles/gamepad_controller.dir/src/controller/controller_publishers.cpp.o[0m
[ 82%] [32mBuilding CXX object CMakeFiles/gamepad_controller.dir/src/controller/controller_timers.cpp.o[0m
[ 85%] [32m[1mLinking CXX executable uav_controller[0m
[ 85%] Built target uav_controller
[ 89%] [32m[1mLinking CXX executable change_state[0m
[ 89%] Built target change_state
[ 92%] [32m[1mLinking CXX executable swarm_communication[0m
[ 92%] Built target swarm_communication
[ 96%] [32m[1mLinking CXX executable gamepad_controller[0m
[ 96%] Built target gamepad_controller
[100%] [32m[1mLinking CXX executable swarm_member_path_planner[0m
[100%] Built target swarm_member_path_planner
-- Install configuration: ""
-- Execute custom install script
-- Symlinking: /home/semih/ws_offboard_control/src/install/swarm_drone_control/lib/swarm_drone_control/uav_controller
-- Symlinking: /home/semih/ws_offboard_control/src/install/swarm_drone_control/lib/swarm_drone_control/swarm_member_path_planner
-- Symlinking: /home/semih/ws_offboard_control/src/install/swarm_drone_control/lib/swarm_drone_control/swarm_communication
-- Symlinking: /home/semih/ws_offboard_control/src/install/swarm_drone_control/lib/swarm_drone_control/change_state
-- Symlinking: /home/semih/ws_offboard_control/src/install/swarm_drone_control/lib/swarm_drone_control/gamepad_controller
-- Symlinking: /home/semih/ws_offboard_control/src/install/swarm_drone_control/include/calculations/geographic.hpp
-- Symlinking: /home/semih/ws_offboard_control/src/install/swarm_drone_control/include/calculations/geographic_impl.hpp
-- Symlinking: /home/semih/ws_offboard_control/src/install/swarm_drone_control/include/calculations/spatial.hpp
-- Symlinking: /home/semih/ws_offboard_control/src/install/swarm_drone_control/include/calculations/spatial_impl.hpp
-- Symlinking: /home/semih/ws_offboard_control/src/install/swarm_drone_control/share/swarm_drone_control//launch/ground_control.py
-- Symlinking: /home/semih/ws_offboard_control/src/install/swarm_drone_control/share/swarm_drone_control//launch/multi_robot_start.py
-- Symlinking: /home/semih/ws_offboard_control/src/install/swarm_drone_control/share/swarm_drone_control//launch/multi_robot_start.xml
-- Symlinking: /home/semih/ws_offboard_control/src/install/swarm_drone_control/share/swarm_drone_control//config/multi_robot_params.yaml
-- Symlinking: /home/semih/ws_offboard_control/src/install/swarm_drone_control/share/swarm_drone_control/environment/pythonpath.sh
-- Symlinking: /home/semih/ws_offboard_control/src/install/swarm_drone_control/share/swarm_drone_control/environment/pythonpath.dsv
-- Symlinking: /home/semih/ws_offboard_control/src/install/swarm_drone_control/local/lib/python3.10/dist-packages/swarm_drone_control-0.1.0-py3.10.egg-info/PKG-INFO
-- Symlinking: /home/semih/ws_offboard_control/src/install/swarm_drone_control/local/lib/python3.10/dist-packages/swarm_drone_control-0.1.0-py3.10.egg-info/SOURCES.txt
-- Symlinking: /home/semih/ws_offboard_control/src/install/swarm_drone_control/local/lib/python3.10/dist-packages/swarm_drone_control-0.1.0-py3.10.egg-info/dependency_links.txt
-- Symlinking: /home/semih/ws_offboard_control/src/install/swarm_drone_control/local/lib/python3.10/dist-packages/swarm_drone_control-0.1.0-py3.10.egg-info/top_level.txt
-- Symlinking: /home/semih/ws_offboard_control/src/install/swarm_drone_control/local/lib/python3.10/dist-packages/swarm_drone_control/__init__.py
-- Symlinking: /home/semih/ws_offboard_control/src/install/swarm_drone_control/local/lib/python3.10/dist-packages/swarm_drone_control/module_to_import.py
-- Symlinking: /home/semih/ws_offboard_control/src/install/swarm_drone_control/local/lib/python3.10/dist-packages/swarm_drone_control/scripts/camera_bridge.py
-- Symlinking: /home/semih/ws_offboard_control/src/install/swarm_drone_control/lib/swarm_drone_control/camera_bridge.py
-- Symlinking: /home/semih/ws_offboard_control/src/install/swarm_drone_control/share/ament_index/resource_index/package_run_dependencies/swarm_drone_control
-- Symlinking: /home/semih/ws_offboard_control/src/install/swarm_drone_control/share/ament_index/resource_index/parent_prefix_path/swarm_drone_control
-- Symlinking: /home/semih/ws_offboard_control/src/install/swarm_drone_control/share/swarm_drone_control/environment/ament_prefix_path.sh
-- Symlinking: /home/semih/ws_offboard_control/src/install/swarm_drone_control/share/swarm_drone_control/environment/ament_prefix_path.dsv
-- Symlinking: /home/semih/ws_offboard_control/src/install/swarm_drone_control/share/swarm_drone_control/environment/path.sh
-- Symlinking: /home/semih/ws_offboard_control/src/install/swarm_drone_control/share/swarm_drone_control/environment/path.dsv
-- Symlinking: /home/semih/ws_offboard_control/src/install/swarm_drone_control/share/swarm_drone_control/local_setup.bash
-- Symlinking: /home/semih/ws_offboard_control/src/install/swarm_drone_control/share/swarm_drone_control/local_setup.sh
-- Symlinking: /home/semih/ws_offboard_control/src/install/swarm_drone_control/share/swarm_drone_control/local_setup.zsh
-- Symlinking: /home/semih/ws_offboard_control/src/install/swarm_drone_control/share/swarm_drone_control/local_setup.dsv
-- Symlinking: /home/semih/ws_offboard_control/src/install/swarm_drone_control/share/swarm_drone_control/package.dsv
-- Symlinking: /home/semih/ws_offboard_control/src/install/swarm_drone_control/share/ament_index/resource_index/packages/swarm_drone_control
-- Symlinking: /home/semih/ws_offboard_control/src/install/swarm_drone_control/share/swarm_drone_control/cmake/ament_cmake_export_dependencies-extras.cmake
-- Symlinking: /home/semih/ws_offboard_control/src/install/swarm_drone_control/share/swarm_drone_control/cmake/ament_cmake_export_include_directories-extras.cmake
-- Symlinking: /home/semih/ws_offboard_control/src/install/swarm_drone_control/share/swarm_drone_control/cmake/swarm_drone_controlConfig.cmake
-- Symlinking: /home/semih/ws_offboard_control/src/install/swarm_drone_control/share/swarm_drone_control/cmake/swarm_drone_controlConfig-version.cmake
-- Symlinking: /home/semih/ws_offboard_control/src/install/swarm_drone_control/share/swarm_drone_control/package.xml
Listing '/home/semih/ws_offboard_control/src/install/swarm_drone_control/local/lib/python3.10/dist-packages/swarm_drone_control'...
Compiling '/home/semih/ws_offboard_control/src/install/swarm_drone_control/local/lib/python3.10/dist-packages/swarm_drone_control/__init__.py'...
Compiling '/home/semih/ws_offboard_control/src/install/swarm_drone_control/local/lib/python3.10/dist-packages/swarm_drone_control/module_to_import.py'...
Listing '/home/semih/ws_offboard_control/src/install/swarm_drone_control/local/lib/python3.10/dist-packages/swarm_drone_control/scripts'...
Compiling '/home/semih/ws_offboard_control/src/install/swarm_drone_control/local/lib/python3.10/dist-packages/swarm_drone_control/scripts/camera_bridge.py'...
