[0.014s] Invoking command in '/home/semih/ws_offboard_control/src/build/swarm_drone_control': CMAKE_PREFIX_PATH=${CMAKE_PREFIX_PATH}:/home/semih/ros2_ws/install/turtlesim_catch_them_all:/home/semih/ros2_ws/install/my_py_pkg:/home/semih/new_tutorial_ws/install/lifecycle_py:/home/semih/new_tutorial_ws/install/actions_py:/opt/ros/humble /usr/bin/cmake /home/semih/ws_offboard_control/src/swarm_drone_control -DAMENT_CMAKE_SYMLINK_INSTALL=1 -DCMAKE_INSTALL_PREFIX=/home/semih/ws_offboard_control/src/install/swarm_drone_control
[0.132s] -- The C compiler identification is GNU 11.4.0
[0.215s] -- The CXX compiler identification is GNU 11.4.0
[0.226s] -- Detecting C compiler ABI info
[0.300s] -- Detecting C compiler ABI info - done
[0.306s] -- Check for working C compiler: /usr/bin/cc - skipped
[0.306s] -- Detecting C compile features
[0.307s] -- Detecting C compile features - done
[0.310s] -- Detecting CXX compiler ABI info
[0.394s] -- Detecting CXX compiler ABI info - done
[0.400s] -- Check for working CXX compiler: /usr/bin/c++ - skipped
[0.400s] -- Detecting CXX compile features
[0.400s] -- Detecting CXX compile features - done
[0.414s] -- Found ament_cmake: 1.3.13 (/opt/ros/humble/share/ament_cmake/cmake)
[0.591s] -- Found Python3: /usr/bin/python3 (found version "3.10.12") found components: Interpreter 
[0.657s] -- Override CMake install command with custom implementation using symlinks instead of copying resources
[0.725s] -- Found builtin_interfaces: 1.2.2 (/opt/ros/humble/share/builtin_interfaces/cmake)
[0.789s] -- Found rosidl_generator_c: 3.1.8 (/opt/ros/humble/share/rosidl_generator_c/cmake)
[0.799s] -- Found rosidl_adapter: 3.1.8 (/opt/ros/humble/share/rosidl_adapter/cmake)
[0.813s] -- Found rosidl_generator_cpp: 3.1.8 (/opt/ros/humble/share/rosidl_generator_cpp/cmake)
[0.834s] -- Using all available rosidl_typesupport_c: rosidl_typesupport_fastrtps_c;rosidl_typesupport_introspection_c
[0.859s] -- Using all available rosidl_typesupport_cpp: rosidl_typesupport_fastrtps_cpp;rosidl_typesupport_introspection_cpp
[0.885s] -- Found eigen3_cmake_module: 0.1.1 (/opt/ros/humble/share/eigen3_cmake_module/cmake)
[0.916s] -- Found Eigen3: TRUE (found version "3.4.0") 
[0.920s] -- Found geometry_msgs: 4.9.1 (/opt/ros/humble/share/geometry_msgs/cmake)
[0.952s] -- Found px4_msgs: 2.0.1 (/home/semih/ws_offboard_control/install/px4_msgs/share/px4_msgs/cmake)
[0.967s] -- Found rclcpp: 16.0.18 (/opt/ros/humble/share/rclcpp/cmake)
[1.037s] -- Found rmw_implementation_cmake: 6.1.2 (/opt/ros/humble/share/rmw_implementation_cmake/cmake)
[1.044s] -- Found rmw_cyclonedds_cpp: 1.3.4 (/opt/ros/humble/share/rmw_cyclonedds_cpp/cmake)
[1.085s] -- Using RMW implementation 'rmw_cyclonedds_cpp' as default
[1.104s] -- Looking for pthread.h
[1.190s] -- Looking for pthread.h - found
[1.190s] -- Performing Test CMAKE_HAVE_LIBC_PTHREAD
[1.271s] -- Performing Test CMAKE_HAVE_LIBC_PTHREAD - Success
[1.271s] -- Found Threads: TRUE  
[1.327s] -- Found sensor_msgs: 4.9.1 (/opt/ros/humble/share/sensor_msgs/cmake)
[1.348s] -- Found rclpy: 3.3.20 (/opt/ros/humble/share/rclpy/cmake)
[1.350s] -- Found custom_interfaces: 0.0.0 (/home/semih/ws_offboard_control/install/custom_interfaces/share/custom_interfaces/cmake)
[1.371s] -- Found cv_bridge: 3.2.1 (/opt/ros/humble/share/cv_bridge/cmake)
[1.390s] -- Found OpenCV: /usr (found version "4.5.4") 
[1.394s] -- Found rclcpp_lifecycle: 16.0.18 (/opt/ros/humble/share/rclcpp_lifecycle/cmake)
[1.592s] -- Configuring done
[1.627s] -- Generating done
[1.637s] -- Build files have been written to: /home/semih/ws_offboard_control/src/build/swarm_drone_control
[1.647s] Invoked command in '/home/semih/ws_offboard_control/src/build/swarm_drone_control' returned '0': CMAKE_PREFIX_PATH=${CMAKE_PREFIX_PATH}:/home/semih/ros2_ws/install/turtlesim_catch_them_all:/home/semih/ros2_ws/install/my_py_pkg:/home/semih/new_tutorial_ws/install/lifecycle_py:/home/semih/new_tutorial_ws/install/actions_py:/opt/ros/humble /usr/bin/cmake /home/semih/ws_offboard_control/src/swarm_drone_control -DAMENT_CMAKE_SYMLINK_INSTALL=1 -DCMAKE_INSTALL_PREFIX=/home/semih/ws_offboard_control/src/install/swarm_drone_control
[1.649s] Invoking command in '/home/semih/ws_offboard_control/src/build/swarm_drone_control': CMAKE_PREFIX_PATH=${CMAKE_PREFIX_PATH}:/home/semih/ros2_ws/install/turtlesim_catch_them_all:/home/semih/ros2_ws/install/my_py_pkg:/home/semih/new_tutorial_ws/install/lifecycle_py:/home/semih/new_tutorial_ws/install/actions_py:/opt/ros/humble /usr/bin/cmake --build /home/semih/ws_offboard_control/src/build/swarm_drone_control -- -j16 -l16
[1.712s] [ 14%] [32mBuilding CXX object CMakeFiles/swarm_communication.dir/src/communication/communication_main.cpp.o[0m
[1.713s] [ 14%] [32mBuilding CXX object CMakeFiles/swarm_communication.dir/src/communication/communication.cpp.o[0m
[1.713s] [ 14%] [32mBuilding CXX object CMakeFiles/swarm_communication.dir/src/communication/communication_publishers.cpp.o[0m
[1.713s] [ 14%] [32mBuilding CXX object CMakeFiles/gamepad_controller.dir/src/controller/controller.cpp.o[0m
[1.713s] [ 21%] [32mBuilding CXX object CMakeFiles/uav_controller.dir/src/uav_controller/uav_controller_main.cpp.o[0m
[1.713s] [ 21%] [32mBuilding CXX object CMakeFiles/swarm_member_path_planner.dir/src/autonomous/autonomous.cpp.o[0m
[1.713s] [ 39%] [32mBuilding CXX object CMakeFiles/uav_controller.dir/src/uav_controller/uav_controller_timers.cpp.o[0m
[1.713s] [ 39%] [32mBuilding CXX object CMakeFiles/change_state.dir/src/ground_control/change_state.cpp.o[0m
[1.714s] [ 39%] [32mBuilding CXX object CMakeFiles/uav_controller.dir/src/uav_controller/uav_controller_publishers.cpp.o[0m
[1.714s] [ 39%] [32mBuilding CXX object CMakeFiles/swarm_member_path_planner.dir/src/autonomous/autonomous_subscribers.cpp.o[0m
[1.714s] [ 39%] [32mBuilding CXX object CMakeFiles/swarm_member_path_planner.dir/src/autonomous/autonomous_publishers.cpp.o[0m
[1.714s] [ 42%] [32mBuilding CXX object CMakeFiles/uav_controller.dir/src/uav_controller/uav_controller_subscribers.cpp.o[0m
[1.714s] [ 46%] [32mBuilding CXX object CMakeFiles/swarm_member_path_planner.dir/src/autonomous/autonomous_missions.cpp.o[0m
[1.722s] [ 50%] [32mBuilding CXX object CMakeFiles/uav_controller.dir/src/uav_controller/uav_controller.cpp.o[0m
[1.722s] [ 53%] [32mBuilding CXX object CMakeFiles/gamepad_controller.dir/src/controller/controller_lifecycle.cpp.o[0m
[1.727s] [ 53%] Built target ament_cmake_python_symlink_swarm_drone_control
[1.744s] [ 57%] [32mBuilding CXX object CMakeFiles/swarm_member_path_planner.dir/src/autonomous/autonomous_timers.cpp.o[0m
[1.756s] [ 60%] [32mBuilding CXX object CMakeFiles/swarm_member_path_planner.dir/src/autonomous/autonomous_col_avoid.cpp.o[0m
[8.628s] [ 64%] [32mBuilding CXX object CMakeFiles/swarm_communication.dir/src/communication/communication_subscribers.cpp.o[0m
[8.815s] [ 67%] [32mBuilding CXX object CMakeFiles/gamepad_controller.dir/src/controller/controller_listeners.cpp.o[0m
[9.075s] running egg_info
[9.076s] creating swarm_drone_control.egg-info
[9.077s] writing swarm_drone_control.egg-info/PKG-INFO
[9.077s] writing dependency_links to swarm_drone_control.egg-info/dependency_links.txt
[9.078s] writing top-level names to swarm_drone_control.egg-info/top_level.txt
[9.087s] writing manifest file 'swarm_drone_control.egg-info/SOURCES.txt'
[9.104s] reading manifest file 'swarm_drone_control.egg-info/SOURCES.txt'
[9.107s] writing manifest file 'swarm_drone_control.egg-info/SOURCES.txt'
[9.203s] [ 67%] Built target ament_cmake_python_build_swarm_drone_control_egg
[9.210s] [ 71%] [32mBuilding CXX object CMakeFiles/swarm_communication.dir/src/communication/communication_timers.cpp.o[0m
[9.223s] [ 75%] [32mBuilding CXX object CMakeFiles/gamepad_controller.dir/src/controller/controller_main.cpp.o[0m
[9.254s] [ 78%] [32mBuilding CXX object CMakeFiles/gamepad_controller.dir/src/controller/controller_publishers.cpp.o[0m
[9.285s] [ 82%] [32mBuilding CXX object CMakeFiles/gamepad_controller.dir/src/controller/controller_timers.cpp.o[0m
[11.772s] [ 85%] [32m[1mLinking CXX executable uav_controller[0m
[12.378s] [ 85%] Built target uav_controller
[17.209s] [ 89%] [32m[1mLinking CXX executable change_state[0m
[17.880s] [ 89%] Built target change_state
[19.513s] [ 92%] [32m[1mLinking CXX executable swarm_communication[0m
[20.174s] [ 92%] Built target swarm_communication
[23.158s] [ 96%] [32m[1mLinking CXX executable gamepad_controller[0m
[24.108s] [ 96%] Built target gamepad_controller
[25.200s] [100%] [32m[1mLinking CXX executable swarm_member_path_planner[0m
[26.038s] [100%] Built target swarm_member_path_planner
[26.051s] Invoked command in '/home/semih/ws_offboard_control/src/build/swarm_drone_control' returned '0': CMAKE_PREFIX_PATH=${CMAKE_PREFIX_PATH}:/home/semih/ros2_ws/install/turtlesim_catch_them_all:/home/semih/ros2_ws/install/my_py_pkg:/home/semih/new_tutorial_ws/install/lifecycle_py:/home/semih/new_tutorial_ws/install/actions_py:/opt/ros/humble /usr/bin/cmake --build /home/semih/ws_offboard_control/src/build/swarm_drone_control -- -j16 -l16
[26.062s] Invoking command in '/home/semih/ws_offboard_control/src/build/swarm_drone_control': CMAKE_PREFIX_PATH=${CMAKE_PREFIX_PATH}:/home/semih/ros2_ws/install/turtlesim_catch_them_all:/home/semih/ros2_ws/install/my_py_pkg:/home/semih/new_tutorial_ws/install/lifecycle_py:/home/semih/new_tutorial_ws/install/actions_py:/opt/ros/humble /usr/bin/cmake --install /home/semih/ws_offboard_control/src/build/swarm_drone_control
[26.070s] -- Install configuration: ""
[26.070s] -- Execute custom install script
[26.070s] -- Symlinking: /home/semih/ws_offboard_control/src/install/swarm_drone_control/lib/swarm_drone_control/uav_controller
[26.080s] -- Symlinking: /home/semih/ws_offboard_control/src/install/swarm_drone_control/lib/swarm_drone_control/swarm_member_path_planner
[26.089s] -- Symlinking: /home/semih/ws_offboard_control/src/install/swarm_drone_control/lib/swarm_drone_control/swarm_communication
[26.099s] -- Symlinking: /home/semih/ws_offboard_control/src/install/swarm_drone_control/lib/swarm_drone_control/change_state
[26.108s] -- Symlinking: /home/semih/ws_offboard_control/src/install/swarm_drone_control/lib/swarm_drone_control/gamepad_controller
[26.118s] -- Symlinking: /home/semih/ws_offboard_control/src/install/swarm_drone_control/include/calculations/geographic.hpp
[26.127s] -- Symlinking: /home/semih/ws_offboard_control/src/install/swarm_drone_control/include/calculations/geographic_impl.hpp
[26.137s] -- Symlinking: /home/semih/ws_offboard_control/src/install/swarm_drone_control/include/calculations/spatial.hpp
[26.146s] -- Symlinking: /home/semih/ws_offboard_control/src/install/swarm_drone_control/include/calculations/spatial_impl.hpp
[26.155s] -- Symlinking: /home/semih/ws_offboard_control/src/install/swarm_drone_control/share/swarm_drone_control//launch/ground_control.py
[26.165s] -- Symlinking: /home/semih/ws_offboard_control/src/install/swarm_drone_control/share/swarm_drone_control//launch/multi_robot_start.py
[26.175s] -- Symlinking: /home/semih/ws_offboard_control/src/install/swarm_drone_control/share/swarm_drone_control//launch/multi_robot_start.xml
[26.186s] -- Symlinking: /home/semih/ws_offboard_control/src/install/swarm_drone_control/share/swarm_drone_control//config/multi_robot_params.yaml
[26.196s] -- Symlinking: /home/semih/ws_offboard_control/src/install/swarm_drone_control/share/swarm_drone_control/environment/pythonpath.sh
[26.205s] -- Symlinking: /home/semih/ws_offboard_control/src/install/swarm_drone_control/share/swarm_drone_control/environment/pythonpath.dsv
[26.215s] -- Symlinking: /home/semih/ws_offboard_control/src/install/swarm_drone_control/local/lib/python3.10/dist-packages/swarm_drone_control-0.1.0-py3.10.egg-info/PKG-INFO
[26.224s] -- Symlinking: /home/semih/ws_offboard_control/src/install/swarm_drone_control/local/lib/python3.10/dist-packages/swarm_drone_control-0.1.0-py3.10.egg-info/SOURCES.txt
[26.234s] -- Symlinking: /home/semih/ws_offboard_control/src/install/swarm_drone_control/local/lib/python3.10/dist-packages/swarm_drone_control-0.1.0-py3.10.egg-info/dependency_links.txt
[26.244s] -- Symlinking: /home/semih/ws_offboard_control/src/install/swarm_drone_control/local/lib/python3.10/dist-packages/swarm_drone_control-0.1.0-py3.10.egg-info/top_level.txt
[26.254s] -- Symlinking: /home/semih/ws_offboard_control/src/install/swarm_drone_control/local/lib/python3.10/dist-packages/swarm_drone_control/__init__.py
[26.264s] -- Symlinking: /home/semih/ws_offboard_control/src/install/swarm_drone_control/local/lib/python3.10/dist-packages/swarm_drone_control/module_to_import.py
[26.272s] -- Symlinking: /home/semih/ws_offboard_control/src/install/swarm_drone_control/local/lib/python3.10/dist-packages/swarm_drone_control/scripts/camera_bridge.py
[26.283s] -- Symlinking: /home/semih/ws_offboard_control/src/install/swarm_drone_control/lib/swarm_drone_control/camera_bridge.py
[26.294s] -- Symlinking: /home/semih/ws_offboard_control/src/install/swarm_drone_control/share/ament_index/resource_index/package_run_dependencies/swarm_drone_control
[26.303s] -- Symlinking: /home/semih/ws_offboard_control/src/install/swarm_drone_control/share/ament_index/resource_index/parent_prefix_path/swarm_drone_control
[26.312s] -- Symlinking: /home/semih/ws_offboard_control/src/install/swarm_drone_control/share/swarm_drone_control/environment/ament_prefix_path.sh
[26.321s] -- Symlinking: /home/semih/ws_offboard_control/src/install/swarm_drone_control/share/swarm_drone_control/environment/ament_prefix_path.dsv
[26.330s] -- Symlinking: /home/semih/ws_offboard_control/src/install/swarm_drone_control/share/swarm_drone_control/environment/path.sh
[26.340s] -- Symlinking: /home/semih/ws_offboard_control/src/install/swarm_drone_control/share/swarm_drone_control/environment/path.dsv
[26.351s] -- Symlinking: /home/semih/ws_offboard_control/src/install/swarm_drone_control/share/swarm_drone_control/local_setup.bash
[26.361s] -- Symlinking: /home/semih/ws_offboard_control/src/install/swarm_drone_control/share/swarm_drone_control/local_setup.sh
[26.370s] -- Symlinking: /home/semih/ws_offboard_control/src/install/swarm_drone_control/share/swarm_drone_control/local_setup.zsh
[26.380s] -- Symlinking: /home/semih/ws_offboard_control/src/install/swarm_drone_control/share/swarm_drone_control/local_setup.dsv
[26.390s] -- Symlinking: /home/semih/ws_offboard_control/src/install/swarm_drone_control/share/swarm_drone_control/package.dsv
[26.400s] -- Symlinking: /home/semih/ws_offboard_control/src/install/swarm_drone_control/share/ament_index/resource_index/packages/swarm_drone_control
[26.410s] -- Symlinking: /home/semih/ws_offboard_control/src/install/swarm_drone_control/share/swarm_drone_control/cmake/ament_cmake_export_dependencies-extras.cmake
[26.421s] -- Symlinking: /home/semih/ws_offboard_control/src/install/swarm_drone_control/share/swarm_drone_control/cmake/ament_cmake_export_include_directories-extras.cmake
[26.431s] -- Symlinking: /home/semih/ws_offboard_control/src/install/swarm_drone_control/share/swarm_drone_control/cmake/swarm_drone_controlConfig.cmake
[26.441s] -- Symlinking: /home/semih/ws_offboard_control/src/install/swarm_drone_control/share/swarm_drone_control/cmake/swarm_drone_controlConfig-version.cmake
[26.451s] -- Symlinking: /home/semih/ws_offboard_control/src/install/swarm_drone_control/share/swarm_drone_control/package.xml
[26.497s] Listing '/home/semih/ws_offboard_control/src/install/swarm_drone_control/local/lib/python3.10/dist-packages/swarm_drone_control'...
[26.497s] Compiling '/home/semih/ws_offboard_control/src/install/swarm_drone_control/local/lib/python3.10/dist-packages/swarm_drone_control/__init__.py'...
[26.498s] Compiling '/home/semih/ws_offboard_control/src/install/swarm_drone_control/local/lib/python3.10/dist-packages/swarm_drone_control/module_to_import.py'...
[26.498s] Listing '/home/semih/ws_offboard_control/src/install/swarm_drone_control/local/lib/python3.10/dist-packages/swarm_drone_control/scripts'...
[26.498s] Compiling '/home/semih/ws_offboard_control/src/install/swarm_drone_control/local/lib/python3.10/dist-packages/swarm_drone_control/scripts/camera_bridge.py'...
[26.505s] Invoked command in '/home/semih/ws_offboard_control/src/build/swarm_drone_control' returned '0': CMAKE_PREFIX_PATH=${CMAKE_PREFIX_PATH}:/home/semih/ros2_ws/install/turtlesim_catch_them_all:/home/semih/ros2_ws/install/my_py_pkg:/home/semih/new_tutorial_ws/install/lifecycle_py:/home/semih/new_tutorial_ws/install/actions_py:/opt/ros/humble /usr/bin/cmake --install /home/semih/ws_offboard_control/src/build/swarm_drone_control
