[  7%] Built target change_state
[ 53%] Built target uav_controller
[ 53%] Built target swarm_communication
[ 53%] [32mBuilding CXX object CMakeFiles/gamepad_controller.dir/src/controller/controller_publishers.cpp.o[0m
[ 57%] Built target ament_cmake_python_symlink_swarm_drone_control
[ 78%] Built target swarm_member_path_planner
[ 82%] [32mBuilding CXX object CMakeFiles/gamepad_controller.dir/src/controller/controller_timers.cpp.o[0m
running egg_info
writing swarm_drone_control.egg-info/PKG-INFO
writing dependency_links to swarm_drone_control.egg-info/dependency_links.txt
writing top-level names to swarm_drone_control.egg-info/top_level.txt
reading manifest file 'swarm_drone_control.egg-info/SOURCES.txt'
writing manifest file 'swarm_drone_control.egg-info/SOURCES.txt'
[ 82%] Built target ament_cmake_python_build_swarm_drone_control_egg
[01m[K/home/semih/ws_offboard_control/src/swarm_drone_control/src/controller/controller_publishers.cpp:[m[K In member function ‘[01m[Kvoid GamepadController::relative_movement(float, float, float, float)[m[K’:
[01m[K/home/semih/ws_offboard_control/src/swarm_drone_control/src/controller/controller_publishers.cpp:63:16:[m[K [01;35m[Kwarning: [m[Kunused variable ‘[01m[Kcohesion_gain[m[K’ [[01;35m[K]8;;https://gcc.gnu.org/onlinedocs/gcc/Warning-Options.html#index-Wunused-variable-Wunused-variable]8;;[m[K]
   63 |         double [01;35m[Kcohesion_gain[m[K = 0.5; // adjust as necessary
      |                [01;35m[K^~~~~~~~~~~~~[m[K
[ 85%] [32m[1mLinking CXX executable gamepad_controller[0m
[100%] Built target gamepad_controller
-- Install configuration: ""
-- Execute custom install script
-- Up-to-date symlink: /home/semih/ws_offboard_control/src/install/swarm_drone_control/lib/swarm_drone_control/uav_controller
-- Up-to-date symlink: /home/semih/ws_offboard_control/src/install/swarm_drone_control/lib/swarm_drone_control/swarm_member_path_planner
-- Up-to-date symlink: /home/semih/ws_offboard_control/src/install/swarm_drone_control/lib/swarm_drone_control/swarm_communication
-- Up-to-date symlink: /home/semih/ws_offboard_control/src/install/swarm_drone_control/lib/swarm_drone_control/change_state
-- Up-to-date symlink: /home/semih/ws_offboard_control/src/install/swarm_drone_control/lib/swarm_drone_control/gamepad_controller
-- Up-to-date symlink: /home/semih/ws_offboard_control/src/install/swarm_drone_control/include/calculations/geographic.hpp
-- Up-to-date symlink: /home/semih/ws_offboard_control/src/install/swarm_drone_control/include/calculations/geographic_impl.hpp
-- Up-to-date symlink: /home/semih/ws_offboard_control/src/install/swarm_drone_control/include/calculations/spatial.hpp
-- Up-to-date symlink: /home/semih/ws_offboard_control/src/install/swarm_drone_control/include/calculations/spatial_impl.hpp
-- Up-to-date symlink: /home/semih/ws_offboard_control/src/install/swarm_drone_control/share/swarm_drone_control//launch/ground_control.py
-- Up-to-date symlink: /home/semih/ws_offboard_control/src/install/swarm_drone_control/share/swarm_drone_control//launch/multi_robot_start.py
-- Up-to-date symlink: /home/semih/ws_offboard_control/src/install/swarm_drone_control/share/swarm_drone_control//launch/multi_robot_start.xml
-- Up-to-date symlink: /home/semih/ws_offboard_control/src/install/swarm_drone_control/share/swarm_drone_control//config/multi_robot_params.yaml
-- Up-to-date symlink: /home/semih/ws_offboard_control/src/install/swarm_drone_control/share/swarm_drone_control/environment/pythonpath.sh
-- Up-to-date symlink: /home/semih/ws_offboard_control/src/install/swarm_drone_control/share/swarm_drone_control/environment/pythonpath.dsv
-- Up-to-date symlink: /home/semih/ws_offboard_control/src/install/swarm_drone_control/local/lib/python3.10/dist-packages/swarm_drone_control-0.1.0-py3.10.egg-info/PKG-INFO
-- Up-to-date symlink: /home/semih/ws_offboard_control/src/install/swarm_drone_control/local/lib/python3.10/dist-packages/swarm_drone_control-0.1.0-py3.10.egg-info/SOURCES.txt
-- Up-to-date symlink: /home/semih/ws_offboard_control/src/install/swarm_drone_control/local/lib/python3.10/dist-packages/swarm_drone_control-0.1.0-py3.10.egg-info/dependency_links.txt
-- Up-to-date symlink: /home/semih/ws_offboard_control/src/install/swarm_drone_control/local/lib/python3.10/dist-packages/swarm_drone_control-0.1.0-py3.10.egg-info/top_level.txt
-- Up-to-date symlink: /home/semih/ws_offboard_control/src/install/swarm_drone_control/local/lib/python3.10/dist-packages/swarm_drone_control/__init__.py
-- Up-to-date symlink: /home/semih/ws_offboard_control/src/install/swarm_drone_control/local/lib/python3.10/dist-packages/swarm_drone_control/module_to_import.py
-- Up-to-date symlink: /home/semih/ws_offboard_control/src/install/swarm_drone_control/local/lib/python3.10/dist-packages/swarm_drone_control/scripts/camera_bridge.py
-- Up-to-date symlink: /home/semih/ws_offboard_control/src/install/swarm_drone_control/lib/swarm_drone_control/camera_bridge.py
-- Up-to-date symlink: /home/semih/ws_offboard_control/src/install/swarm_drone_control/share/ament_index/resource_index/package_run_dependencies/swarm_drone_control
-- Up-to-date symlink: /home/semih/ws_offboard_control/src/install/swarm_drone_control/share/ament_index/resource_index/parent_prefix_path/swarm_drone_control
-- Up-to-date symlink: /home/semih/ws_offboard_control/src/install/swarm_drone_control/share/swarm_drone_control/environment/ament_prefix_path.sh
-- Up-to-date symlink: /home/semih/ws_offboard_control/src/install/swarm_drone_control/share/swarm_drone_control/environment/ament_prefix_path.dsv
-- Up-to-date symlink: /home/semih/ws_offboard_control/src/install/swarm_drone_control/share/swarm_drone_control/environment/path.sh
-- Up-to-date symlink: /home/semih/ws_offboard_control/src/install/swarm_drone_control/share/swarm_drone_control/environment/path.dsv
-- Up-to-date symlink: /home/semih/ws_offboard_control/src/install/swarm_drone_control/share/swarm_drone_control/local_setup.bash
-- Up-to-date symlink: /home/semih/ws_offboard_control/src/install/swarm_drone_control/share/swarm_drone_control/local_setup.sh
-- Up-to-date symlink: /home/semih/ws_offboard_control/src/install/swarm_drone_control/share/swarm_drone_control/local_setup.zsh
-- Up-to-date symlink: /home/semih/ws_offboard_control/src/install/swarm_drone_control/share/swarm_drone_control/local_setup.dsv
-- Symlinking: /home/semih/ws_offboard_control/src/install/swarm_drone_control/share/swarm_drone_control/package.dsv
-- Up-to-date symlink: /home/semih/ws_offboard_control/src/install/swarm_drone_control/share/ament_index/resource_index/packages/swarm_drone_control
-- Up-to-date symlink: /home/semih/ws_offboard_control/src/install/swarm_drone_control/share/swarm_drone_control/cmake/ament_cmake_export_dependencies-extras.cmake
-- Up-to-date symlink: /home/semih/ws_offboard_control/src/install/swarm_drone_control/share/swarm_drone_control/cmake/ament_cmake_export_include_directories-extras.cmake
-- Up-to-date symlink: /home/semih/ws_offboard_control/src/install/swarm_drone_control/share/swarm_drone_control/cmake/swarm_drone_controlConfig.cmake
-- Up-to-date symlink: /home/semih/ws_offboard_control/src/install/swarm_drone_control/share/swarm_drone_control/cmake/swarm_drone_controlConfig-version.cmake
-- Up-to-date symlink: /home/semih/ws_offboard_control/src/install/swarm_drone_control/share/swarm_drone_control/package.xml
Listing '/home/semih/ws_offboard_control/src/install/swarm_drone_control/local/lib/python3.10/dist-packages/swarm_drone_control'...
Listing '/home/semih/ws_offboard_control/src/install/swarm_drone_control/local/lib/python3.10/dist-packages/swarm_drone_control/scripts'...
