[0.020s] Invoking command in '/home/semih/ws_offboard_control/src/build/swarm_drone_control': CMAKE_PREFIX_PATH=${CMAKE_PREFIX_PATH}:/home/semih/ros2_ws/install/turtlesim_catch_them_all:/home/semih/ros2_ws/install/my_py_pkg:/home/semih/new_tutorial_ws/install/lifecycle_py:/home/semih/new_tutorial_ws/install/actions_py:/opt/ros/humble /usr/bin/cmake --build /home/semih/ws_offboard_control/src/build/swarm_drone_control -- -j16 -l16
[0.104s] [  7%] Built target change_state
[0.108s] [ 53%] Built target uav_controller
[0.108s] [ 53%] Built target swarm_communication
[0.108s] [ 53%] [32mBuilding CXX object CMakeFiles/gamepad_controller.dir/src/controller/controller_publishers.cpp.o[0m
[0.108s] [ 57%] Built target ament_cmake_python_symlink_swarm_drone_control
[0.108s] [ 78%] Built target swarm_member_path_planner
[0.110s] [ 82%] [32mBuilding CXX object CMakeFiles/gamepad_controller.dir/src/controller/controller_timers.cpp.o[0m
[0.462s] running egg_info
[0.463s] writing swarm_drone_control.egg-info/PKG-INFO
[0.463s] writing dependency_links to swarm_drone_control.egg-info/dependency_links.txt
[0.463s] writing top-level names to swarm_drone_control.egg-info/top_level.txt
[0.468s] reading manifest file 'swarm_drone_control.egg-info/SOURCES.txt'
[0.468s] writing manifest file 'swarm_drone_control.egg-info/SOURCES.txt'
[0.510s] [ 82%] Built target ament_cmake_python_build_swarm_drone_control_egg
[2.655s] [01m[K/home/semih/ws_offboard_control/src/swarm_drone_control/src/controller/controller_publishers.cpp:[m[K In member function ‘[01m[Kvoid GamepadController::relative_movement(float, float, float, float)[m[K’:
[2.655s] [01m[K/home/semih/ws_offboard_control/src/swarm_drone_control/src/controller/controller_publishers.cpp:63:16:[m[K [01;35m[Kwarning: [m[Kunused variable ‘[01m[Kcohesion_gain[m[K’ [[01;35m[K]8;;https://gcc.gnu.org/onlinedocs/gcc/Warning-Options.html#index-Wunused-variable-Wunused-variable]8;;[m[K]
[2.655s]    63 |         double [01;35m[Kcohesion_gain[m[K = 0.5; // adjust as necessary
[2.656s]       |                [01;35m[K^~~~~~~~~~~~~[m[K
[3.339s] [ 85%] [32m[1mLinking CXX executable gamepad_controller[0m
[4.272s] [100%] Built target gamepad_controller
[4.286s] Invoked command in '/home/semih/ws_offboard_control/src/build/swarm_drone_control' returned '0': CMAKE_PREFIX_PATH=${CMAKE_PREFIX_PATH}:/home/semih/ros2_ws/install/turtlesim_catch_them_all:/home/semih/ros2_ws/install/my_py_pkg:/home/semih/new_tutorial_ws/install/lifecycle_py:/home/semih/new_tutorial_ws/install/actions_py:/opt/ros/humble /usr/bin/cmake --build /home/semih/ws_offboard_control/src/build/swarm_drone_control -- -j16 -l16
[4.297s] Invoking command in '/home/semih/ws_offboard_control/src/build/swarm_drone_control': CMAKE_PREFIX_PATH=${CMAKE_PREFIX_PATH}:/home/semih/ros2_ws/install/turtlesim_catch_them_all:/home/semih/ros2_ws/install/my_py_pkg:/home/semih/new_tutorial_ws/install/lifecycle_py:/home/semih/new_tutorial_ws/install/actions_py:/opt/ros/humble /usr/bin/cmake --install /home/semih/ws_offboard_control/src/build/swarm_drone_control
[4.305s] -- Install configuration: ""
[4.306s] -- Execute custom install script
[4.306s] -- Up-to-date symlink: /home/semih/ws_offboard_control/src/install/swarm_drone_control/lib/swarm_drone_control/uav_controller
[4.306s] -- Up-to-date symlink: /home/semih/ws_offboard_control/src/install/swarm_drone_control/lib/swarm_drone_control/swarm_member_path_planner
[4.307s] -- Up-to-date symlink: /home/semih/ws_offboard_control/src/install/swarm_drone_control/lib/swarm_drone_control/swarm_communication
[4.307s] -- Up-to-date symlink: /home/semih/ws_offboard_control/src/install/swarm_drone_control/lib/swarm_drone_control/change_state
[4.307s] -- Up-to-date symlink: /home/semih/ws_offboard_control/src/install/swarm_drone_control/lib/swarm_drone_control/gamepad_controller
[4.307s] -- Up-to-date symlink: /home/semih/ws_offboard_control/src/install/swarm_drone_control/include/calculations/geographic.hpp
[4.307s] -- Up-to-date symlink: /home/semih/ws_offboard_control/src/install/swarm_drone_control/include/calculations/geographic_impl.hpp
[4.308s] -- Up-to-date symlink: /home/semih/ws_offboard_control/src/install/swarm_drone_control/include/calculations/spatial.hpp
[4.308s] -- Up-to-date symlink: /home/semih/ws_offboard_control/src/install/swarm_drone_control/include/calculations/spatial_impl.hpp
[4.308s] -- Up-to-date symlink: /home/semih/ws_offboard_control/src/install/swarm_drone_control/share/swarm_drone_control//launch/ground_control.py
[4.308s] -- Up-to-date symlink: /home/semih/ws_offboard_control/src/install/swarm_drone_control/share/swarm_drone_control//launch/multi_robot_start.py
[4.308s] -- Up-to-date symlink: /home/semih/ws_offboard_control/src/install/swarm_drone_control/share/swarm_drone_control//launch/multi_robot_start.xml
[4.308s] -- Up-to-date symlink: /home/semih/ws_offboard_control/src/install/swarm_drone_control/share/swarm_drone_control//config/multi_robot_params.yaml
[4.308s] -- Up-to-date symlink: /home/semih/ws_offboard_control/src/install/swarm_drone_control/share/swarm_drone_control/environment/pythonpath.sh
[4.309s] -- Up-to-date symlink: /home/semih/ws_offboard_control/src/install/swarm_drone_control/share/swarm_drone_control/environment/pythonpath.dsv
[4.309s] -- Up-to-date symlink: /home/semih/ws_offboard_control/src/install/swarm_drone_control/local/lib/python3.10/dist-packages/swarm_drone_control-0.1.0-py3.10.egg-info/PKG-INFO
[4.309s] -- Up-to-date symlink: /home/semih/ws_offboard_control/src/install/swarm_drone_control/local/lib/python3.10/dist-packages/swarm_drone_control-0.1.0-py3.10.egg-info/SOURCES.txt
[4.309s] -- Up-to-date symlink: /home/semih/ws_offboard_control/src/install/swarm_drone_control/local/lib/python3.10/dist-packages/swarm_drone_control-0.1.0-py3.10.egg-info/dependency_links.txt
[4.309s] -- Up-to-date symlink: /home/semih/ws_offboard_control/src/install/swarm_drone_control/local/lib/python3.10/dist-packages/swarm_drone_control-0.1.0-py3.10.egg-info/top_level.txt
[4.310s] -- Up-to-date symlink: /home/semih/ws_offboard_control/src/install/swarm_drone_control/local/lib/python3.10/dist-packages/swarm_drone_control/__init__.py
[4.310s] -- Up-to-date symlink: /home/semih/ws_offboard_control/src/install/swarm_drone_control/local/lib/python3.10/dist-packages/swarm_drone_control/module_to_import.py
[4.310s] -- Up-to-date symlink: /home/semih/ws_offboard_control/src/install/swarm_drone_control/local/lib/python3.10/dist-packages/swarm_drone_control/scripts/camera_bridge.py
[4.310s] -- Up-to-date symlink: /home/semih/ws_offboard_control/src/install/swarm_drone_control/lib/swarm_drone_control/camera_bridge.py
[4.310s] -- Up-to-date symlink: /home/semih/ws_offboard_control/src/install/swarm_drone_control/share/ament_index/resource_index/package_run_dependencies/swarm_drone_control
[4.310s] -- Up-to-date symlink: /home/semih/ws_offboard_control/src/install/swarm_drone_control/share/ament_index/resource_index/parent_prefix_path/swarm_drone_control
[4.310s] -- Up-to-date symlink: /home/semih/ws_offboard_control/src/install/swarm_drone_control/share/swarm_drone_control/environment/ament_prefix_path.sh
[4.310s] -- Up-to-date symlink: /home/semih/ws_offboard_control/src/install/swarm_drone_control/share/swarm_drone_control/environment/ament_prefix_path.dsv
[4.311s] -- Up-to-date symlink: /home/semih/ws_offboard_control/src/install/swarm_drone_control/share/swarm_drone_control/environment/path.sh
[4.311s] -- Up-to-date symlink: /home/semih/ws_offboard_control/src/install/swarm_drone_control/share/swarm_drone_control/environment/path.dsv
[4.311s] -- Up-to-date symlink: /home/semih/ws_offboard_control/src/install/swarm_drone_control/share/swarm_drone_control/local_setup.bash
[4.311s] -- Up-to-date symlink: /home/semih/ws_offboard_control/src/install/swarm_drone_control/share/swarm_drone_control/local_setup.sh
[4.311s] -- Up-to-date symlink: /home/semih/ws_offboard_control/src/install/swarm_drone_control/share/swarm_drone_control/local_setup.zsh
[4.311s] -- Up-to-date symlink: /home/semih/ws_offboard_control/src/install/swarm_drone_control/share/swarm_drone_control/local_setup.dsv
[4.311s] -- Symlinking: /home/semih/ws_offboard_control/src/install/swarm_drone_control/share/swarm_drone_control/package.dsv
[4.322s] -- Up-to-date symlink: /home/semih/ws_offboard_control/src/install/swarm_drone_control/share/ament_index/resource_index/packages/swarm_drone_control
[4.322s] -- Up-to-date symlink: /home/semih/ws_offboard_control/src/install/swarm_drone_control/share/swarm_drone_control/cmake/ament_cmake_export_dependencies-extras.cmake
[4.322s] -- Up-to-date symlink: /home/semih/ws_offboard_control/src/install/swarm_drone_control/share/swarm_drone_control/cmake/ament_cmake_export_include_directories-extras.cmake
[4.322s] -- Up-to-date symlink: /home/semih/ws_offboard_control/src/install/swarm_drone_control/share/swarm_drone_control/cmake/swarm_drone_controlConfig.cmake
[4.322s] -- Up-to-date symlink: /home/semih/ws_offboard_control/src/install/swarm_drone_control/share/swarm_drone_control/cmake/swarm_drone_controlConfig-version.cmake
[4.322s] -- Up-to-date symlink: /home/semih/ws_offboard_control/src/install/swarm_drone_control/share/swarm_drone_control/package.xml
[4.358s] Listing '/home/semih/ws_offboard_control/src/install/swarm_drone_control/local/lib/python3.10/dist-packages/swarm_drone_control'...
[4.359s] Listing '/home/semih/ws_offboard_control/src/install/swarm_drone_control/local/lib/python3.10/dist-packages/swarm_drone_control/scripts'...
[4.366s] Invoked command in '/home/semih/ws_offboard_control/src/build/swarm_drone_control' returned '0': CMAKE_PREFIX_PATH=${CMAKE_PREFIX_PATH}:/home/semih/ros2_ws/install/turtlesim_catch_them_all:/home/semih/ros2_ws/install/my_py_pkg:/home/semih/new_tutorial_ws/install/lifecycle_py:/home/semih/new_tutorial_ws/install/actions_py:/opt/ros/humble /usr/bin/cmake --install /home/semih/ws_offboard_control/src/build/swarm_drone_control
